\BOOKMARK [1][]{section.1}{Einf\374hrung}{}% 1
\BOOKMARK [1][]{section.2}{Related Work}{}% 2
\BOOKMARK [2][]{subsection.2.1}{Torch}{section.2}% 3
\BOOKMARK [2][]{subsection.2.2}{Caffe}{section.2}% 4
\BOOKMARK [2][]{subsection.2.3}{Caffe2}{section.2}% 5
\BOOKMARK [2][]{subsection.2.4}{Keras}{section.2}% 6
\BOOKMARK [2][]{subsection.2.5}{Chainer}{section.2}% 7
\BOOKMARK [2][]{subsection.2.6}{cntk}{section.2}% 8
\BOOKMARK [2][]{subsection.2.7}{Apache MXNet}{section.2}% 9
\BOOKMARK [2][]{subsection.2.8}{Amazon dsstne}{section.2}% 10
\BOOKMARK [2][]{subsection.2.9}{Eclipse dl4j}{section.2}% 11
\BOOKMARK [1][]{section.3}{TensorFlow}{}% 12
\BOOKMARK [2][]{subsection.3.1}{Installation}{section.3}% 13
\BOOKMARK [2][]{subsection.3.2}{Unterst\374tzung von mobilen Plattformen}{section.3}% 14
\BOOKMARK [1][]{section.4}{Distributed TensorFlow}{}% 15
\BOOKMARK [2][]{subsection.4.1}{Architektur}{section.4}% 16
\BOOKMARK [2][]{subsection.4.2}{Datenparallelit\344t}{section.4}% 17
\BOOKMARK [1][]{section.5}{Tutorial: Distributed Tensorflow}{}% 18
\BOOKMARK [1][]{section.6}{Evaluierung}{}% 19
\BOOKMARK [1][]{section.7}{Zusammenfassung}{}% 20
\BOOKMARK [1][]{section*.5}{References}{}% 21
